{"C:\\Users\\Poley\\Desktop\\Proyectos\\VitalPulse\\src\\store\\healthstore.js": {"path":"C:\\Users\\Poley\\Desktop\\Proyectos\\VitalPulse\\src\\store\\healthstore.js","statementMap":{"0":{"start":{"line":4,"column":26},"end":{"line":4,"column":47}},"1":{"start":{"line":5,"column":26},"end":{"line":5,"column":51}},"2":{"start":{"line":6,"column":26},"end":{"line":6,"column":47}},"3":{"start":{"line":7,"column":26},"end":{"line":7,"column":55}},"4":{"start":{"line":10,"column":20},"end":{"line":10,"column":21}},"5":{"start":{"line":14,"column":13},"end":{"line":14,"column":14}},"6":{"start":{"line":15,"column":2},"end":{"line":18,"column":3}},"7":{"start":{"line":15,"column":15},"end":{"line":15,"column":16}},"8":{"start":{"line":16,"column":4},"end":{"line":16,"column":52}},"9":{"start":{"line":17,"column":4},"end":{"line":17,"column":14}},"10":{"start":{"line":19,"column":2},"end":{"line":19,"column":25}},"11":{"start":{"line":23,"column":16},"end":{"line":23,"column":17}},"12":{"start":{"line":24,"column":2},"end":{"line":33,"column":3}},"13":{"start":{"line":25,"column":4},"end":{"line":32,"column":5}},"14":{"start":{"line":26,"column":6},"end":{"line":26,"column":31}},"15":{"start":{"line":28,"column":6},"end":{"line":28,"column":16}},"16":{"start":{"line":29,"column":6},"end":{"line":29,"column":42}},"17":{"start":{"line":29,"column":34},"end":{"line":29,"column":42}},"18":{"start":{"line":31,"column":6},"end":{"line":31,"column":76}},"19":{"start":{"line":31,"column":31},"end":{"line":31,"column":74}},"20":{"start":{"line":37,"column":2},"end":{"line":37,"column":52}},"21":{"start":{"line":38,"column":19},"end":{"line":38,"column":41}},"22":{"start":{"line":39,"column":2},"end":{"line":39,"column":69}},"23":{"start":{"line":43,"column":33},"end":{"line":46,"column":4}},"24":{"start":{"line":47,"column":2},"end":{"line":53,"column":3}},"25":{"start":{"line":48,"column":21},"end":{"line":48,"column":42}},"26":{"start":{"line":49,"column":4},"end":{"line":52,"column":5}},"27":{"start":{"line":50,"column":6},"end":{"line":50,"column":51}},"28":{"start":{"line":51,"column":6},"end":{"line":51,"column":18}},"29":{"start":{"line":54,"column":2},"end":{"line":54,"column":14}},"30":{"start":{"line":58,"column":2},"end":{"line":58,"column":48}},"31":{"start":{"line":59,"column":2},"end":{"line":59,"column":62}},"32":{"start":{"line":62,"column":23},"end":{"line":216,"column":3}},"33":{"start":{"line":62,"column":45},"end":{"line":216,"column":1}},"34":{"start":{"line":92,"column":4},"end":{"line":92,"column":34}},"35":{"start":{"line":93,"column":4},"end":{"line":93,"column":54}},"36":{"start":{"line":97,"column":4},"end":{"line":97,"column":34}},"37":{"start":{"line":98,"column":4},"end":{"line":98,"column":88}},"38":{"start":{"line":103,"column":20},"end":{"line":103,"column":60}},"39":{"start":{"line":104,"column":4},"end":{"line":104,"column":34}},"40":{"start":{"line":105,"column":4},"end":{"line":105,"column":68}},"41":{"start":{"line":110,"column":20},"end":{"line":110,"column":55}},"42":{"start":{"line":111,"column":21},"end":{"line":118,"column":5}},"43":{"start":{"line":120,"column":19},"end":{"line":120,"column":59}},"44":{"start":{"line":121,"column":20},"end":{"line":121,"column":30}},"45":{"start":{"line":122,"column":4},"end":{"line":122,"column":34}},"46":{"start":{"line":123,"column":4},"end":{"line":123,"column":72}},"47":{"start":{"line":127,"column":4},"end":{"line":127,"column":31}},"48":{"start":{"line":128,"column":4},"end":{"line":128,"column":50}},"49":{"start":{"line":133,"column":24},"end":{"line":133,"column":29}},"50":{"start":{"line":134,"column":18},"end":{"line":134,"column":43}},"51":{"start":{"line":135,"column":4},"end":{"line":141,"column":14}},"52":{"start":{"line":136,"column":6},"end":{"line":140,"column":7}},"53":{"start":{"line":137,"column":8},"end":{"line":137,"column":62}},"54":{"start":{"line":139,"column":8},"end":{"line":139,"column":21}},"55":{"start":{"line":146,"column":18},"end":{"line":150,"column":5}},"56":{"start":{"line":151,"column":20},"end":{"line":151,"column":59}},"57":{"start":{"line":152,"column":4},"end":{"line":152,"column":30}},"58":{"start":{"line":153,"column":4},"end":{"line":157,"column":5}},"59":{"start":{"line":154,"column":6},"end":{"line":154,"column":70}},"60":{"start":{"line":156,"column":6},"end":{"line":156,"column":51}},"61":{"start":{"line":162,"column":4},"end":{"line":178,"column":5}},"62":{"start":{"line":163,"column":60},"end":{"line":168,"column":6}},"63":{"start":{"line":170,"column":22},"end":{"line":170,"column":24}},"64":{"start":{"line":171,"column":6},"end":{"line":171,"column":73}},"65":{"start":{"line":171,"column":25},"end":{"line":171,"column":73}},"66":{"start":{"line":172,"column":6},"end":{"line":172,"column":70}},"67":{"start":{"line":172,"column":25},"end":{"line":172,"column":70}},"68":{"start":{"line":173,"column":6},"end":{"line":173,"column":103}},"69":{"start":{"line":173,"column":25},"end":{"line":173,"column":103}},"70":{"start":{"line":174,"column":6},"end":{"line":174,"column":56}},"71":{"start":{"line":174,"column":25},"end":{"line":174,"column":56}},"72":{"start":{"line":175,"column":6},"end":{"line":175,"column":19}},"73":{"start":{"line":177,"column":6},"end":{"line":177,"column":47}},"74":{"start":{"line":182,"column":4},"end":{"line":182,"column":73}},"75":{"start":{"line":182,"column":20},"end":{"line":182,"column":71}},"76":{"start":{"line":185,"column":20},"end":{"line":185,"column":60}},"77":{"start":{"line":185,"column":48},"end":{"line":185,"column":59}},"78":{"start":{"line":186,"column":4},"end":{"line":186,"column":30}},"79":{"start":{"line":187,"column":4},"end":{"line":191,"column":5}},"80":{"start":{"line":188,"column":6},"end":{"line":188,"column":70}},"81":{"start":{"line":190,"column":6},"end":{"line":190,"column":52}},"82":{"start":{"line":195,"column":4},"end":{"line":195,"column":25}},"83":{"start":{"line":196,"column":4},"end":{"line":196,"column":46}},"84":{"start":{"line":200,"column":4},"end":{"line":208,"column":7}},"85":{"start":{"line":209,"column":4},"end":{"line":214,"column":7}}},"fnMap":{"0":{"name":"computeChecksum","decl":{"start":{"line":13,"column":9},"end":{"line":13,"column":24}},"loc":{"start":{"line":13,"column":30},"end":{"line":20,"column":1}},"line":13},"1":{"name":"withRetry","decl":{"start":{"line":22,"column":15},"end":{"line":22,"column":24}},"loc":{"start":{"line":22,"column":38},"end":{"line":34,"column":1}},"line":22},"2":{"name":"(anonymous_2)","decl":{"start":{"line":31,"column":24},"end":{"line":31,"column":25}},"loc":{"start":{"line":31,"column":31},"end":{"line":31,"column":74}},"line":31},"3":{"name":"setItemWithChecksum","decl":{"start":{"line":36,"column":15},"end":{"line":36,"column":34}},"loc":{"start":{"line":36,"column":47},"end":{"line":40,"column":1}},"line":36},"4":{"name":"getItemWithChecksum","decl":{"start":{"line":42,"column":15},"end":{"line":42,"column":34}},"loc":{"start":{"line":42,"column":40},"end":{"line":55,"column":1}},"line":42},"5":{"name":"removeItemWithChecksum","decl":{"start":{"line":57,"column":15},"end":{"line":57,"column":37}},"loc":{"start":{"line":57,"column":43},"end":{"line":60,"column":1}},"line":57},"6":{"name":"(anonymous_6)","decl":{"start":{"line":62,"column":30},"end":{"line":62,"column":31}},"loc":{"start":{"line":62,"column":45},"end":{"line":216,"column":1}},"line":62},"7":{"name":"(anonymous_7)","decl":{"start":{"line":91,"column":21},"end":{"line":91,"column":22}},"loc":{"start":{"line":91,"column":33},"end":{"line":94,"column":3}},"line":91},"8":{"name":"(anonymous_8)","decl":{"start":{"line":96,"column":20},"end":{"line":96,"column":21}},"loc":{"start":{"line":96,"column":37},"end":{"line":99,"column":3}},"line":96},"9":{"name":"(anonymous_9)","decl":{"start":{"line":102,"column":21},"end":{"line":102,"column":22}},"loc":{"start":{"line":102,"column":44},"end":{"line":106,"column":3}},"line":102},"10":{"name":"(anonymous_10)","decl":{"start":{"line":109,"column":23},"end":{"line":109,"column":24}},"loc":{"start":{"line":109,"column":89},"end":{"line":124,"column":3}},"line":109},"11":{"name":"(anonymous_11)","decl":{"start":{"line":126,"column":20},"end":{"line":126,"column":21}},"loc":{"start":{"line":126,"column":32},"end":{"line":129,"column":3}},"line":126},"12":{"name":"(anonymous_12)","decl":{"start":{"line":132,"column":28},"end":{"line":132,"column":29}},"loc":{"start":{"line":132,"column":34},"end":{"line":142,"column":3}},"line":132},"13":{"name":"(anonymous_13)","decl":{"start":{"line":135,"column":26},"end":{"line":135,"column":27}},"loc":{"start":{"line":135,"column":33},"end":{"line":141,"column":5}},"line":135},"14":{"name":"(anonymous_14)","decl":{"start":{"line":145,"column":18},"end":{"line":145,"column":19}},"loc":{"start":{"line":145,"column":41},"end":{"line":158,"column":3}},"line":145},"15":{"name":"(anonymous_15)","decl":{"start":{"line":161,"column":11},"end":{"line":161,"column":12}},"loc":{"start":{"line":161,"column":23},"end":{"line":179,"column":3}},"line":161},"16":{"name":"(anonymous_16)","decl":{"start":{"line":181,"column":18},"end":{"line":181,"column":19}},"loc":{"start":{"line":182,"column":4},"end":{"line":182,"column":73}},"line":182},"17":{"name":"(anonymous_17)","decl":{"start":{"line":182,"column":8},"end":{"line":182,"column":9}},"loc":{"start":{"line":182,"column":20},"end":{"line":182,"column":71}},"line":182},"18":{"name":"(anonymous_18)","decl":{"start":{"line":184,"column":21},"end":{"line":184,"column":22}},"loc":{"start":{"line":184,"column":35},"end":{"line":192,"column":3}},"line":184},"19":{"name":"(anonymous_19)","decl":{"start":{"line":185,"column":41},"end":{"line":185,"column":42}},"loc":{"start":{"line":185,"column":48},"end":{"line":185,"column":59}},"line":185},"20":{"name":"(anonymous_20)","decl":{"start":{"line":194,"column":16},"end":{"line":194,"column":17}},"loc":{"start":{"line":194,"column":28},"end":{"line":197,"column":3}},"line":194},"21":{"name":"(anonymous_21)","decl":{"start":{"line":199,"column":16},"end":{"line":199,"column":17}},"loc":{"start":{"line":199,"column":28},"end":{"line":215,"column":3}},"line":199}},"branchMap":{"0":{"loc":{"start":{"line":29,"column":6},"end":{"line":29,"column":42}},"type":"if","locations":[{"start":{"line":29,"column":6},"end":{"line":29,"column":42}},{"start":{},"end":{}}],"line":29},"1":{"loc":{"start":{"line":47,"column":2},"end":{"line":53,"column":3}},"type":"if","locations":[{"start":{"line":47,"column":2},"end":{"line":53,"column":3}},{"start":{},"end":{}}],"line":47},"2":{"loc":{"start":{"line":47,"column":6},"end":{"line":47,"column":28}},"type":"binary-expr","locations":[{"start":{"line":47,"column":6},"end":{"line":47,"column":10}},{"start":{"line":47,"column":14},"end":{"line":47,"column":28}}],"line":47},"3":{"loc":{"start":{"line":49,"column":4},"end":{"line":52,"column":5}},"type":"if","locations":[{"start":{"line":49,"column":4},"end":{"line":52,"column":5}},{"start":{},"end":{}}],"line":49},"4":{"loc":{"start":{"line":110,"column":20},"end":{"line":110,"column":55}},"type":"binary-expr","locations":[{"start":{"line":110,"column":20},"end":{"line":110,"column":37}},{"start":{"line":110,"column":41},"end":{"line":110,"column":55}}],"line":110},"5":{"loc":{"start":{"line":114,"column":18},"end":{"line":114,"column":113}},"type":"binary-expr","locations":[{"start":{"line":114,"column":18},"end":{"line":114,"column":28}},{"start":{"line":114,"column":32},"end":{"line":114,"column":113}}],"line":114},"6":{"loc":{"start":{"line":115,"column":18},"end":{"line":115,"column":27}},"type":"binary-expr","locations":[{"start":{"line":115,"column":18},"end":{"line":115,"column":21}},{"start":{"line":115,"column":25},"end":{"line":115,"column":27}}],"line":115},"7":{"loc":{"start":{"line":116,"column":18},"end":{"line":116,"column":27}},"type":"binary-expr","locations":[{"start":{"line":116,"column":18},"end":{"line":116,"column":22}},{"start":{"line":116,"column":26},"end":{"line":116,"column":27}}],"line":116},"8":{"loc":{"start":{"line":171,"column":6},"end":{"line":171,"column":73}},"type":"if","locations":[{"start":{"line":171,"column":6},"end":{"line":171,"column":73}},{"start":{},"end":{}}],"line":171},"9":{"loc":{"start":{"line":172,"column":6},"end":{"line":172,"column":70}},"type":"if","locations":[{"start":{"line":172,"column":6},"end":{"line":172,"column":70}},{"start":{},"end":{}}],"line":172},"10":{"loc":{"start":{"line":173,"column":6},"end":{"line":173,"column":103}},"type":"if","locations":[{"start":{"line":173,"column":6},"end":{"line":173,"column":103}},{"start":{},"end":{}}],"line":173},"11":{"loc":{"start":{"line":174,"column":6},"end":{"line":174,"column":56}},"type":"if","locations":[{"start":{"line":174,"column":6},"end":{"line":174,"column":56}},{"start":{},"end":{}}],"line":174}},"s":{"0":1,"1":1,"2":1,"3":1,"4":1,"5":0,"6":0,"7":0,"8":0,"9":0,"10":0,"11":0,"12":0,"13":0,"14":0,"15":0,"16":0,"17":0,"18":0,"19":0,"20":0,"21":0,"22":0,"23":0,"24":0,"25":0,"26":0,"27":0,"28":0,"29":0,"30":0,"31":0,"32":1,"33":1,"34":0,"35":0,"36":0,"37":0,"38":0,"39":0,"40":0,"41":0,"42":0,"43":0,"44":0,"45":0,"46":0,"47":0,"48":0,"49":0,"50":0,"51":0,"52":0,"53":0,"54":0,"55":0,"56":0,"57":0,"58":0,"59":0,"60":0,"61":0,"62":0,"63":0,"64":0,"65":0,"66":0,"67":0,"68":0,"69":0,"70":0,"71":0,"72":0,"73":0,"74":1,"75":1,"76":0,"77":0,"78":0,"79":0,"80":0,"81":0,"82":0,"83":0,"84":0,"85":0},"f":{"0":0,"1":0,"2":0,"3":0,"4":0,"5":0,"6":1,"7":0,"8":0,"9":0,"10":0,"11":0,"12":0,"13":0,"14":0,"15":0,"16":1,"17":1,"18":0,"19":0,"20":0,"21":0},"b":{"0":[0,0],"1":[0,0],"2":[0,0],"3":[0,0],"4":[0,0],"5":[0,0],"6":[0,0],"7":[0,0],"8":[0,0],"9":[0,0],"10":[0,0],"11":[0,0]},"_coverageSchema":"1a1c01bbd47fc00a2c39e90264f33305004495a9","hash":"085c047c2ca0a092baae20a3fdd2c5847079fe26"}
,"C:\\Users\\Poley\\Desktop\\Proyectos\\VitalPulse\\src\\utils\\bpEstimator.js": {"path":"C:\\Users\\Poley\\Desktop\\Proyectos\\VitalPulse\\src\\utils\\bpEstimator.js","statementMap":{"0":{"start":{"line":19,"column":14},"end":{"line":48,"column":1}},"1":{"start":{"line":52,"column":2},"end":{"line":52,"column":51}},"2":{"start":{"line":52,"column":41},"end":{"line":52,"column":51}},"3":{"start":{"line":53,"column":2},"end":{"line":53,"column":40}},"4":{"start":{"line":61,"column":6},"end":{"line":61,"column":16}},"5":{"start":{"line":64,"column":21},"end":{"line":64,"column":53}},"6":{"start":{"line":65,"column":21},"end":{"line":65,"column":52}},"7":{"start":{"line":66,"column":21},"end":{"line":66,"column":61}},"8":{"start":{"line":67,"column":21},"end":{"line":67,"column":69}},"9":{"start":{"line":68,"column":21},"end":{"line":68,"column":59}},"10":{"start":{"line":69,"column":21},"end":{"line":69,"column":61}},"11":{"start":{"line":70,"column":21},"end":{"line":70,"column":53}},"12":{"start":{"line":73,"column":12},"end":{"line":73,"column":14}},"13":{"start":{"line":73,"column":22},"end":{"line":73,"column":25}},"14":{"start":{"line":73,"column":33},"end":{"line":73,"column":35}},"15":{"start":{"line":73,"column":48},"end":{"line":73,"column":49}},"16":{"start":{"line":74,"column":2},"end":{"line":79,"column":3}},"17":{"start":{"line":75,"column":4},"end":{"line":75,"column":65}},"18":{"start":{"line":76,"column":4},"end":{"line":76,"column":50}},"19":{"start":{"line":77,"column":4},"end":{"line":77,"column":68}},"20":{"start":{"line":78,"column":4},"end":{"line":78,"column":44}},"21":{"start":{"line":81,"column":12},"end":{"line":81,"column":17}},"22":{"start":{"line":83,"column":19},"end":{"line":96,"column":3}},"23":{"start":{"line":98,"column":20},"end":{"line":111,"column":3}},"24":{"start":{"line":113,"column":2},"end":{"line":117,"column":4}},"25":{"start":{"line":125,"column":15},"end":{"line":125,"column":61}},"26":{"start":{"line":127,"column":2},"end":{"line":129,"column":3}},"27":{"start":{"line":128,"column":4},"end":{"line":128,"column":16}},"28":{"start":{"line":133,"column":17},"end":{"line":133,"column":35}},"29":{"start":{"line":134,"column":21},"end":{"line":134,"column":22}},"30":{"start":{"line":137,"column":28},"end":{"line":139,"column":3}},"31":{"start":{"line":138,"column":4},"end":{"line":138,"column":85}},"32":{"start":{"line":146,"column":2},"end":{"line":282,"column":3}},"33":{"start":{"line":148,"column":27},"end":{"line":170,"column":6}},"34":{"start":{"line":149,"column":101},"end":{"line":149,"column":120}},"35":{"start":{"line":150,"column":18},"end":{"line":150,"column":61}},"36":{"start":{"line":151,"column":18},"end":{"line":151,"column":52}},"37":{"start":{"line":152,"column":18},"end":{"line":155,"column":48}},"38":{"start":{"line":153,"column":8},"end":{"line":153,"column":57}},"39":{"start":{"line":153,"column":47},"end":{"line":153,"column":57}},"40":{"start":{"line":154,"column":8},"end":{"line":154,"column":46}},"41":{"start":{"line":156,"column":23},"end":{"line":156,"column":51}},"42":{"start":{"line":157,"column":22},"end":{"line":157,"column":34}},"43":{"start":{"line":159,"column":6},"end":{"line":169,"column":8}},"44":{"start":{"line":173,"column":14},"end":{"line":173,"column":54}},"45":{"start":{"line":173,"column":42},"end":{"line":173,"column":53}},"46":{"start":{"line":174,"column":14},"end":{"line":174,"column":25}},"47":{"start":{"line":177,"column":22},"end":{"line":177,"column":69}},"48":{"start":{"line":177,"column":29},"end":{"line":177,"column":69}},"49":{"start":{"line":177,"column":48},"end":{"line":177,"column":68}},"50":{"start":{"line":177,"column":61},"end":{"line":177,"column":67}},"51":{"start":{"line":178,"column":21},"end":{"line":191,"column":5}},"52":{"start":{"line":179,"column":20},"end":{"line":179,"column":28}},"53":{"start":{"line":179,"column":38},"end":{"line":179,"column":49}},"54":{"start":{"line":180,"column":20},"end":{"line":180,"column":28}},"55":{"start":{"line":180,"column":38},"end":{"line":180,"column":49}},"56":{"start":{"line":181,"column":21},"end":{"line":181,"column":78}},"57":{"start":{"line":181,"column":57},"end":{"line":181,"column":77}},"58":{"start":{"line":182,"column":6},"end":{"line":189,"column":7}},"59":{"start":{"line":182,"column":19},"end":{"line":182,"column":20}},"60":{"start":{"line":183,"column":8},"end":{"line":188,"column":9}},"61":{"start":{"line":183,"column":21},"end":{"line":183,"column":22}},"62":{"start":{"line":184,"column":22},"end":{"line":184,"column":29}},"63":{"start":{"line":185,"column":10},"end":{"line":187,"column":11}},"64":{"start":{"line":185,"column":23},"end":{"line":185,"column":24}},"65":{"start":{"line":186,"column":12},"end":{"line":186,"column":42}},"66":{"start":{"line":190,"column":6},"end":{"line":190,"column":20}},"67":{"start":{"line":192,"column":19},"end":{"line":226,"column":5}},"68":{"start":{"line":194,"column":16},"end":{"line":194,"column":24}},"69":{"start":{"line":195,"column":16},"end":{"line":195,"column":41}},"70":{"start":{"line":195,"column":29},"end":{"line":195,"column":40}},"71":{"start":{"line":196,"column":16},"end":{"line":200,"column":8}},"72":{"start":{"line":197,"column":20},"end":{"line":197,"column":36}},"73":{"start":{"line":198,"column":8},"end":{"line":198,"column":19}},"74":{"start":{"line":199,"column":8},"end":{"line":199,"column":19}},"75":{"start":{"line":201,"column":6},"end":{"line":224,"column":7}},"76":{"start":{"line":201,"column":19},"end":{"line":201,"column":20}},"77":{"start":{"line":203,"column":21},"end":{"line":203,"column":22}},"78":{"start":{"line":204,"column":8},"end":{"line":204,"column":99}},"79":{"start":{"line":204,"column":21},"end":{"line":204,"column":26}},"80":{"start":{"line":204,"column":40},"end":{"line":204,"column":99}},"81":{"start":{"line":204,"column":88},"end":{"line":204,"column":99}},"82":{"start":{"line":205,"column":8},"end":{"line":205,"column":56}},"83":{"start":{"line":205,"column":44},"end":{"line":205,"column":56}},"84":{"start":{"line":207,"column":8},"end":{"line":207,"column":46}},"85":{"start":{"line":208,"column":8},"end":{"line":208,"column":46}},"86":{"start":{"line":210,"column":20},"end":{"line":210,"column":27}},"87":{"start":{"line":211,"column":8},"end":{"line":214,"column":9}},"88":{"start":{"line":211,"column":21},"end":{"line":211,"column":22}},"89":{"start":{"line":212,"column":10},"end":{"line":212,"column":25}},"90":{"start":{"line":213,"column":10},"end":{"line":213,"column":25}},"91":{"start":{"line":216,"column":8},"end":{"line":223,"column":9}},"92":{"start":{"line":216,"column":21},"end":{"line":216,"column":22}},"93":{"start":{"line":217,"column":10},"end":{"line":217,"column":32}},"94":{"start":{"line":217,"column":23},"end":{"line":217,"column":32}},"95":{"start":{"line":218,"column":25},"end":{"line":218,"column":32}},"96":{"start":{"line":219,"column":10},"end":{"line":222,"column":11}},"97":{"start":{"line":219,"column":23},"end":{"line":219,"column":24}},"98":{"start":{"line":220,"column":12},"end":{"line":220,"column":40}},"99":{"start":{"line":221,"column":12},"end":{"line":221,"column":40}},"100":{"start":{"line":225,"column":6},"end":{"line":225,"column":15}},"101":{"start":{"line":229,"column":17},"end":{"line":229,"column":48}},"102":{"start":{"line":229,"column":33},"end":{"line":229,"column":47}},"103":{"start":{"line":230,"column":17},"end":{"line":230,"column":49}},"104":{"start":{"line":230,"column":33},"end":{"line":230,"column":48}},"105":{"start":{"line":233,"column":19},"end":{"line":233,"column":23}},"106":{"start":{"line":234,"column":15},"end":{"line":234,"column":27}},"107":{"start":{"line":235,"column":16},"end":{"line":235,"column":31}},"108":{"start":{"line":237,"column":4},"end":{"line":237,"column":52}},"109":{"start":{"line":237,"column":17},"end":{"line":237,"column":18}},"110":{"start":{"line":237,"column":32},"end":{"line":237,"column":52}},"111":{"start":{"line":238,"column":19},"end":{"line":238,"column":30}},"112":{"start":{"line":239,"column":4},"end":{"line":243,"column":5}},"113":{"start":{"line":241,"column":6},"end":{"line":241,"column":72}},"114":{"start":{"line":242,"column":6},"end":{"line":242,"column":18}},"115":{"start":{"line":244,"column":19},"end":{"line":244,"column":51}},"116":{"start":{"line":244,"column":46},"end":{"line":244,"column":49}},"117":{"start":{"line":245,"column":19},"end":{"line":245,"column":51}},"118":{"start":{"line":245,"column":46},"end":{"line":245,"column":49}},"119":{"start":{"line":246,"column":21},"end":{"line":246,"column":64}},"120":{"start":{"line":246,"column":57},"end":{"line":246,"column":63}},"121":{"start":{"line":247,"column":21},"end":{"line":247,"column":64}},"122":{"start":{"line":247,"column":57},"end":{"line":247,"column":63}},"123":{"start":{"line":250,"column":20},"end":{"line":255,"column":5}},"124":{"start":{"line":252,"column":16},"end":{"line":252,"column":17}},"125":{"start":{"line":253,"column":6},"end":{"line":253,"column":70}},"126":{"start":{"line":253,"column":19},"end":{"line":253,"column":20}},"127":{"start":{"line":253,"column":45},"end":{"line":253,"column":70}},"128":{"start":{"line":254,"column":6},"end":{"line":254,"column":17}},"129":{"start":{"line":258,"column":99},"end":{"line":258,"column":109}},"130":{"start":{"line":259,"column":16},"end":{"line":259,"column":59}},"131":{"start":{"line":260,"column":16},"end":{"line":260,"column":50}},"132":{"start":{"line":261,"column":16},"end":{"line":264,"column":46}},"133":{"start":{"line":262,"column":6},"end":{"line":262,"column":55}},"134":{"start":{"line":262,"column":45},"end":{"line":262,"column":55}},"135":{"start":{"line":263,"column":6},"end":{"line":263,"column":44}},"136":{"start":{"line":265,"column":21},"end":{"line":265,"column":49}},"137":{"start":{"line":266,"column":23},"end":{"line":266,"column":92}},"138":{"start":{"line":268,"column":25},"end":{"line":268,"column":54}},"139":{"start":{"line":269,"column":26},"end":{"line":269,"column":55}},"140":{"start":{"line":272,"column":28},"end":{"line":272,"column":81}},"141":{"start":{"line":273,"column":29},"end":{"line":273,"column":83}},"142":{"start":{"line":275,"column":4},"end":{"line":281,"column":6}},"143":{"start":{"line":288,"column":21},"end":{"line":288,"column":22}},"144":{"start":{"line":288,"column":39},"end":{"line":288,"column":40}},"145":{"start":{"line":288,"column":54},"end":{"line":288,"column":55}},"146":{"start":{"line":290,"column":2},"end":{"line":302,"column":5}},"147":{"start":{"line":292,"column":19},"end":{"line":292,"column":60}},"148":{"start":{"line":293,"column":22},"end":{"line":298,"column":5}},"149":{"start":{"line":299,"column":4},"end":{"line":299,"column":71}},"150":{"start":{"line":300,"column":4},"end":{"line":300,"column":73}},"151":{"start":{"line":301,"column":4},"end":{"line":301,"column":24}},"152":{"start":{"line":304,"column":20},"end":{"line":304,"column":64}},"153":{"start":{"line":305,"column":20},"end":{"line":305,"column":64}},"154":{"start":{"line":308,"column":21},"end":{"line":308,"column":59}},"155":{"start":{"line":309,"column":21},"end":{"line":309,"column":59}},"156":{"start":{"line":311,"column":2},"end":{"line":317,"column":4}},"157":{"start":{"line":323,"column":2},"end":{"line":323,"column":26}},"158":{"start":{"line":323,"column":17},"end":{"line":323,"column":26}},"159":{"start":{"line":324,"column":2},"end":{"line":324,"column":26}},"160":{"start":{"line":324,"column":17},"end":{"line":324,"column":26}},"161":{"start":{"line":325,"column":2},"end":{"line":325,"column":26}},"162":{"start":{"line":325,"column":17},"end":{"line":325,"column":26}},"163":{"start":{"line":326,"column":2},"end":{"line":326,"column":26}},"164":{"start":{"line":326,"column":17},"end":{"line":326,"column":26}},"165":{"start":{"line":327,"column":2},"end":{"line":327,"column":26}},"166":{"start":{"line":327,"column":17},"end":{"line":327,"column":26}},"167":{"start":{"line":328,"column":2},"end":{"line":328,"column":11}},"168":{"start":{"line":331,"column":2},"end":{"line":331,"column":25}},"169":{"start":{"line":331,"column":16},"end":{"line":331,"column":25}},"170":{"start":{"line":332,"column":2},"end":{"line":332,"column":25}},"171":{"start":{"line":332,"column":16},"end":{"line":332,"column":25}},"172":{"start":{"line":333,"column":2},"end":{"line":333,"column":25}},"173":{"start":{"line":333,"column":16},"end":{"line":333,"column":25}},"174":{"start":{"line":334,"column":2},"end":{"line":334,"column":26}},"175":{"start":{"line":334,"column":17},"end":{"line":334,"column":26}},"176":{"start":{"line":335,"column":2},"end":{"line":335,"column":26}},"177":{"start":{"line":335,"column":17},"end":{"line":335,"column":26}},"178":{"start":{"line":336,"column":2},"end":{"line":336,"column":11}},"179":{"start":{"line":338,"column":22},"end":{"line":345,"column":1}},"180":{"start":{"line":347,"column":2},"end":{"line":347,"column":96}},"181":{"start":{"line":347,"column":31},"end":{"line":347,"column":96}},"182":{"start":{"line":348,"column":17},"end":{"line":348,"column":41}},"183":{"start":{"line":349,"column":17},"end":{"line":349,"column":42}},"184":{"start":{"line":350,"column":14},"end":{"line":350,"column":38}},"185":{"start":{"line":351,"column":2},"end":{"line":351,"column":28}},"186":{"start":{"line":356,"column":2},"end":{"line":357,"column":79}},"187":{"start":{"line":357,"column":4},"end":{"line":357,"column":79}},"188":{"start":{"line":358,"column":2},"end":{"line":359,"column":80}},"189":{"start":{"line":359,"column":4},"end":{"line":359,"column":80}},"190":{"start":{"line":360,"column":2},"end":{"line":361,"column":80}},"191":{"start":{"line":361,"column":4},"end":{"line":361,"column":80}},"192":{"start":{"line":362,"column":2},"end":{"line":363,"column":75}},"193":{"start":{"line":363,"column":4},"end":{"line":363,"column":75}},"194":{"start":{"line":364,"column":2},"end":{"line":365,"column":80}},"195":{"start":{"line":365,"column":4},"end":{"line":365,"column":80}},"196":{"start":{"line":366,"column":2},"end":{"line":367,"column":76}},"197":{"start":{"line":367,"column":4},"end":{"line":367,"column":76}},"198":{"start":{"line":368,"column":2},"end":{"line":368,"column":80}},"199":{"start":{"line":374,"column":2},"end":{"line":376,"column":3}},"200":{"start":{"line":375,"column":4},"end":{"line":375,"column":72}},"201":{"start":{"line":378,"column":2},"end":{"line":378,"column":79}},"202":{"start":{"line":378,"column":17},"end":{"line":378,"column":79}},"203":{"start":{"line":379,"column":2},"end":{"line":379,"column":80}},"204":{"start":{"line":379,"column":17},"end":{"line":379,"column":80}},"205":{"start":{"line":380,"column":2},"end":{"line":380,"column":80}},"206":{"start":{"line":380,"column":18},"end":{"line":380,"column":80}},"207":{"start":{"line":381,"column":2},"end":{"line":381,"column":80}}},"fnMap":{"0":{"name":"calculateBMI","decl":{"start":{"line":51,"column":9},"end":{"line":51,"column":21}},"loc":{"start":{"line":51,"column":38},"end":{"line":54,"column":1}},"line":51},"1":{"name":"estimateBP","decl":{"start":{"line":57,"column":16},"end":{"line":57,"column":26}},"loc":{"start":{"line":57,"column":74},"end":{"line":118,"column":1}},"line":57},"2":{"name":"estimateBPCalibrated","decl":{"start":{"line":124,"column":16},"end":{"line":124,"column":36}},"loc":{"start":{"line":124,"column":122},"end":{"line":318,"column":1}},"line":124},"3":{"name":"(anonymous_3)","decl":{"start":{"line":137,"column":28},"end":{"line":137,"column":29}},"loc":{"start":{"line":137,"column":41},"end":{"line":139,"column":3}},"line":137},"4":{"name":"(anonymous_4)","decl":{"start":{"line":148,"column":38},"end":{"line":148,"column":39}},"loc":{"start":{"line":148,"column":46},"end":{"line":170,"column":5}},"line":148},"5":{"name":"calculateBMI","decl":{"start":{"line":152,"column":28},"end":{"line":152,"column":40}},"loc":{"start":{"line":152,"column":57},"end":{"line":155,"column":7}},"line":152},"6":{"name":"(anonymous_6)","decl":{"start":{"line":173,"column":33},"end":{"line":173,"column":34}},"loc":{"start":{"line":173,"column":42},"end":{"line":173,"column":53}},"line":173},"7":{"name":"(anonymous_7)","decl":{"start":{"line":177,"column":22},"end":{"line":177,"column":23}},"loc":{"start":{"line":177,"column":29},"end":{"line":177,"column":69}},"line":177},"8":{"name":"(anonymous_8)","decl":{"start":{"line":177,"column":38},"end":{"line":177,"column":39}},"loc":{"start":{"line":177,"column":48},"end":{"line":177,"column":68}},"line":177},"9":{"name":"(anonymous_9)","decl":{"start":{"line":177,"column":54},"end":{"line":177,"column":55}},"loc":{"start":{"line":177,"column":61},"end":{"line":177,"column":67}},"line":177},"10":{"name":"(anonymous_10)","decl":{"start":{"line":178,"column":21},"end":{"line":178,"column":22}},"loc":{"start":{"line":178,"column":31},"end":{"line":191,"column":5}},"line":178},"11":{"name":"(anonymous_11)","decl":{"start":{"line":181,"column":51},"end":{"line":181,"column":52}},"loc":{"start":{"line":181,"column":57},"end":{"line":181,"column":77}},"line":181},"12":{"name":"(anonymous_12)","decl":{"start":{"line":192,"column":19},"end":{"line":192,"column":20}},"loc":{"start":{"line":192,"column":26},"end":{"line":226,"column":5}},"line":192},"13":{"name":"(anonymous_13)","decl":{"start":{"line":195,"column":22},"end":{"line":195,"column":23}},"loc":{"start":{"line":195,"column":29},"end":{"line":195,"column":40}},"line":195},"14":{"name":"(anonymous_14)","decl":{"start":{"line":196,"column":42},"end":{"line":196,"column":43}},"loc":{"start":{"line":196,"column":52},"end":{"line":200,"column":7}},"line":196},"15":{"name":"(anonymous_15)","decl":{"start":{"line":229,"column":28},"end":{"line":229,"column":29}},"loc":{"start":{"line":229,"column":33},"end":{"line":229,"column":47}},"line":229},"16":{"name":"(anonymous_16)","decl":{"start":{"line":230,"column":28},"end":{"line":230,"column":29}},"loc":{"start":{"line":230,"column":33},"end":{"line":230,"column":48}},"line":230},"17":{"name":"(anonymous_17)","decl":{"start":{"line":244,"column":41},"end":{"line":244,"column":42}},"loc":{"start":{"line":244,"column":46},"end":{"line":244,"column":49}},"line":244},"18":{"name":"(anonymous_18)","decl":{"start":{"line":245,"column":41},"end":{"line":245,"column":42}},"loc":{"start":{"line":245,"column":46},"end":{"line":245,"column":49}},"line":245},"19":{"name":"(anonymous_19)","decl":{"start":{"line":246,"column":50},"end":{"line":246,"column":51}},"loc":{"start":{"line":246,"column":57},"end":{"line":246,"column":63}},"line":246},"20":{"name":"(anonymous_20)","decl":{"start":{"line":247,"column":50},"end":{"line":247,"column":51}},"loc":{"start":{"line":247,"column":57},"end":{"line":247,"column":63}},"line":247},"21":{"name":"(anonymous_21)","decl":{"start":{"line":250,"column":20},"end":{"line":250,"column":21}},"loc":{"start":{"line":250,"column":36},"end":{"line":255,"column":5}},"line":250},"22":{"name":"calculateBMI","decl":{"start":{"line":261,"column":26},"end":{"line":261,"column":38}},"loc":{"start":{"line":261,"column":55},"end":{"line":264,"column":5}},"line":261},"23":{"name":"(anonymous_23)","decl":{"start":{"line":290,"column":17},"end":{"line":290,"column":18}},"loc":{"start":{"line":290,"column":33},"end":{"line":302,"column":3}},"line":290},"24":{"name":"getCategorySys","decl":{"start":{"line":322,"column":9},"end":{"line":322,"column":23}},"loc":{"start":{"line":322,"column":29},"end":{"line":329,"column":1}},"line":322},"25":{"name":"getCategoryDia","decl":{"start":{"line":330,"column":9},"end":{"line":330,"column":23}},"loc":{"start":{"line":330,"column":29},"end":{"line":337,"column":1}},"line":330},"26":{"name":"classifyBP","decl":{"start":{"line":346,"column":16},"end":{"line":346,"column":26}},"loc":{"start":{"line":346,"column":48},"end":{"line":352,"column":1}},"line":346},"27":{"name":"classifyBPM","decl":{"start":{"line":355,"column":16},"end":{"line":355,"column":27}},"loc":{"start":{"line":355,"column":33},"end":{"line":369,"column":1}},"line":355},"28":{"name":"analyzeHRV","decl":{"start":{"line":373,"column":16},"end":{"line":373,"column":26}},"loc":{"start":{"line":373,"column":46},"end":{"line":382,"column":1}},"line":373}},"branchMap":{"0":{"loc":{"start":{"line":52,"column":2},"end":{"line":52,"column":51}},"type":"if","locations":[{"start":{"line":52,"column":2},"end":{"line":52,"column":51}},{"start":{},"end":{}}],"line":52},"1":{"loc":{"start":{"line":52,"column":6},"end":{"line":52,"column":39}},"type":"binary-expr","locations":[{"start":{"line":52,"column":6},"end":{"line":52,"column":13}},{"start":{"line":52,"column":17},"end":{"line":52,"column":24}},{"start":{"line":52,"column":28},"end":{"line":52,"column":39}}],"line":52},"2":{"loc":{"start":{"line":57,"column":44},"end":{"line":57,"column":62}},"type":"default-arg","locations":[{"start":{"line":57,"column":58},"end":{"line":57,"column":62}}],"line":57},"3":{"loc":{"start":{"line":57,"column":64},"end":{"line":57,"column":72}},"type":"default-arg","locations":[{"start":{"line":57,"column":71},"end":{"line":57,"column":72}}],"line":57},"4":{"loc":{"start":{"line":59,"column":4},"end":{"line":59,"column":11}},"type":"default-arg","locations":[{"start":{"line":59,"column":10},"end":{"line":59,"column":11}}],"line":59},"5":{"loc":{"start":{"line":59,"column":13},"end":{"line":59,"column":28}},"type":"default-arg","locations":[{"start":{"line":59,"column":27},"end":{"line":59,"column":28}}],"line":59},"6":{"loc":{"start":{"line":59,"column":30},"end":{"line":59,"column":51}},"type":"default-arg","locations":[{"start":{"line":59,"column":50},"end":{"line":59,"column":51}}],"line":59},"7":{"loc":{"start":{"line":60,"column":4},"end":{"line":60,"column":18}},"type":"default-arg","locations":[{"start":{"line":60,"column":17},"end":{"line":60,"column":18}}],"line":60},"8":{"loc":{"start":{"line":60,"column":20},"end":{"line":60,"column":37}},"type":"default-arg","locations":[{"start":{"line":60,"column":36},"end":{"line":60,"column":37}}],"line":60},"9":{"loc":{"start":{"line":74,"column":2},"end":{"line":79,"column":3}},"type":"if","locations":[{"start":{"line":74,"column":2},"end":{"line":79,"column":3}},{"start":{},"end":{}}],"line":74},"10":{"loc":{"start":{"line":75,"column":41},"end":{"line":75,"column":62}},"type":"binary-expr","locations":[{"start":{"line":75,"column":41},"end":{"line":75,"column":56}},{"start":{"line":75,"column":60},"end":{"line":75,"column":62}}],"line":75},"11":{"loc":{"start":{"line":76,"column":15},"end":{"line":76,"column":49}},"type":"cond-expr","locations":[{"start":{"line":76,"column":44},"end":{"line":76,"column":45}},{"start":{"line":76,"column":48},"end":{"line":76,"column":49}}],"line":76},"12":{"loc":{"start":{"line":78,"column":15},"end":{"line":78,"column":43}},"type":"cond-expr","locations":[{"start":{"line":78,"column":38},"end":{"line":78,"column":39}},{"start":{"line":78,"column":42},"end":{"line":78,"column":43}}],"line":78},"13":{"loc":{"start":{"line":124,"column":67},"end":{"line":124,"column":85}},"type":"default-arg","locations":[{"start":{"line":124,"column":81},"end":{"line":124,"column":85}}],"line":124},"14":{"loc":{"start":{"line":124,"column":87},"end":{"line":124,"column":95}},"type":"default-arg","locations":[{"start":{"line":124,"column":94},"end":{"line":124,"column":95}}],"line":124},"15":{"loc":{"start":{"line":124,"column":97},"end":{"line":124,"column":120}},"type":"default-arg","locations":[{"start":{"line":124,"column":116},"end":{"line":124,"column":120}}],"line":124},"16":{"loc":{"start":{"line":127,"column":2},"end":{"line":129,"column":3}},"type":"if","locations":[{"start":{"line":127,"column":2},"end":{"line":129,"column":3}},{"start":{},"end":{}}],"line":127},"17":{"loc":{"start":{"line":127,"column":6},"end":{"line":127,"column":76}},"type":"binary-expr","locations":[{"start":{"line":127,"column":6},"end":{"line":127,"column":18}},{"start":{"line":127,"column":22},"end":{"line":127,"column":41}},{"start":{"line":127,"column":45},"end":{"line":127,"column":76}}],"line":127},"18":{"loc":{"start":{"line":138,"column":11},"end":{"line":138,"column":84}},"type":"binary-expr","locations":[{"start":{"line":138,"column":11},"end":{"line":138,"column":18}},{"start":{"line":138,"column":22},"end":{"line":138,"column":33}},{"start":{"line":138,"column":37},"end":{"line":138,"column":51}},{"start":{"line":138,"column":55},"end":{"line":138,"column":69}},{"start":{"line":138,"column":73},"end":{"line":138,"column":84}}],"line":138},"19":{"loc":{"start":{"line":146,"column":2},"end":{"line":282,"column":3}},"type":"if","locations":[{"start":{"line":146,"column":2},"end":{"line":282,"column":3}},{"start":{},"end":{}}],"line":146},"20":{"loc":{"start":{"line":146,"column":6},"end":{"line":146,"column":87}},"type":"binary-expr","locations":[{"start":{"line":146,"column":6},"end":{"line":146,"column":33}},{"start":{"line":146,"column":37},"end":{"line":146,"column":67}},{"start":{"line":146,"column":71},"end":{"line":146,"column":87}}],"line":146},"21":{"loc":{"start":{"line":149,"column":14},"end":{"line":149,"column":21}},"type":"default-arg","locations":[{"start":{"line":149,"column":20},"end":{"line":149,"column":21}}],"line":149},"22":{"loc":{"start":{"line":149,"column":23},"end":{"line":149,"column":38}},"type":"default-arg","locations":[{"start":{"line":149,"column":37},"end":{"line":149,"column":38}}],"line":149},"23":{"loc":{"start":{"line":149,"column":40},"end":{"line":149,"column":61}},"type":"default-arg","locations":[{"start":{"line":149,"column":60},"end":{"line":149,"column":61}}],"line":149},"24":{"loc":{"start":{"line":149,"column":63},"end":{"line":149,"column":77}},"type":"default-arg","locations":[{"start":{"line":149,"column":76},"end":{"line":149,"column":77}}],"line":149},"25":{"loc":{"start":{"line":149,"column":79},"end":{"line":149,"column":96}},"type":"default-arg","locations":[{"start":{"line":149,"column":95},"end":{"line":149,"column":96}}],"line":149},"26":{"loc":{"start":{"line":149,"column":101},"end":{"line":149,"column":120}},"type":"binary-expr","locations":[{"start":{"line":149,"column":101},"end":{"line":149,"column":114}},{"start":{"line":149,"column":118},"end":{"line":149,"column":120}}],"line":149},"27":{"loc":{"start":{"line":151,"column":18},"end":{"line":151,"column":52}},"type":"cond-expr","locations":[{"start":{"line":151,"column":47},"end":{"line":151,"column":48}},{"start":{"line":151,"column":51},"end":{"line":151,"column":52}}],"line":151},"28":{"loc":{"start":{"line":153,"column":8},"end":{"line":153,"column":57}},"type":"if","locations":[{"start":{"line":153,"column":8},"end":{"line":153,"column":57}},{"start":{},"end":{}}],"line":153},"29":{"loc":{"start":{"line":153,"column":12},"end":{"line":153,"column":45}},"type":"binary-expr","locations":[{"start":{"line":153,"column":12},"end":{"line":153,"column":19}},{"start":{"line":153,"column":23},"end":{"line":153,"column":30}},{"start":{"line":153,"column":34},"end":{"line":153,"column":45}}],"line":153},"30":{"loc":{"start":{"line":156,"column":23},"end":{"line":156,"column":51}},"type":"cond-expr","locations":[{"start":{"line":156,"column":46},"end":{"line":156,"column":47}},{"start":{"line":156,"column":50},"end":{"line":156,"column":51}}],"line":156},"31":{"loc":{"start":{"line":157,"column":22},"end":{"line":157,"column":34}},"type":"binary-expr","locations":[{"start":{"line":157,"column":22},"end":{"line":157,"column":29}},{"start":{"line":157,"column":33},"end":{"line":157,"column":34}}],"line":157},"32":{"loc":{"start":{"line":160,"column":8},"end":{"line":160,"column":21}},"type":"binary-expr","locations":[{"start":{"line":160,"column":8},"end":{"line":160,"column":14}},{"start":{"line":160,"column":18},"end":{"line":160,"column":21}}],"line":160},"33":{"loc":{"start":{"line":204,"column":40},"end":{"line":204,"column":99}},"type":"if","locations":[{"start":{"line":204,"column":40},"end":{"line":204,"column":99}},{"start":{},"end":{}}],"line":204},"34":{"loc":{"start":{"line":205,"column":8},"end":{"line":205,"column":56}},"type":"if","locations":[{"start":{"line":205,"column":8},"end":{"line":205,"column":56}},{"start":{},"end":{}}],"line":205},"35":{"loc":{"start":{"line":217,"column":10},"end":{"line":217,"column":32}},"type":"if","locations":[{"start":{"line":217,"column":10},"end":{"line":217,"column":32}},{"start":{},"end":{}}],"line":217},"36":{"loc":{"start":{"line":239,"column":4},"end":{"line":243,"column":5}},"type":"if","locations":[{"start":{"line":239,"column":4},"end":{"line":243,"column":5}},{"start":{},"end":{}}],"line":239},"37":{"loc":{"start":{"line":258,"column":12},"end":{"line":258,"column":19}},"type":"default-arg","locations":[{"start":{"line":258,"column":18},"end":{"line":258,"column":19}}],"line":258},"38":{"loc":{"start":{"line":258,"column":21},"end":{"line":258,"column":36}},"type":"default-arg","locations":[{"start":{"line":258,"column":35},"end":{"line":258,"column":36}}],"line":258},"39":{"loc":{"start":{"line":258,"column":38},"end":{"line":258,"column":59}},"type":"default-arg","locations":[{"start":{"line":258,"column":58},"end":{"line":258,"column":59}}],"line":258},"40":{"loc":{"start":{"line":258,"column":61},"end":{"line":258,"column":75}},"type":"default-arg","locations":[{"start":{"line":258,"column":74},"end":{"line":258,"column":75}}],"line":258},"41":{"loc":{"start":{"line":258,"column":77},"end":{"line":258,"column":94}},"type":"default-arg","locations":[{"start":{"line":258,"column":93},"end":{"line":258,"column":94}}],"line":258},"42":{"loc":{"start":{"line":260,"column":16},"end":{"line":260,"column":50}},"type":"cond-expr","locations":[{"start":{"line":260,"column":45},"end":{"line":260,"column":46}},{"start":{"line":260,"column":49},"end":{"line":260,"column":50}}],"line":260},"43":{"loc":{"start":{"line":262,"column":6},"end":{"line":262,"column":55}},"type":"if","locations":[{"start":{"line":262,"column":6},"end":{"line":262,"column":55}},{"start":{},"end":{}}],"line":262},"44":{"loc":{"start":{"line":262,"column":10},"end":{"line":262,"column":43}},"type":"binary-expr","locations":[{"start":{"line":262,"column":10},"end":{"line":262,"column":17}},{"start":{"line":262,"column":21},"end":{"line":262,"column":28}},{"start":{"line":262,"column":32},"end":{"line":262,"column":43}}],"line":262},"45":{"loc":{"start":{"line":265,"column":21},"end":{"line":265,"column":49}},"type":"cond-expr","locations":[{"start":{"line":265,"column":44},"end":{"line":265,"column":45}},{"start":{"line":265,"column":48},"end":{"line":265,"column":49}}],"line":265},"46":{"loc":{"start":{"line":294,"column":6},"end":{"line":294,"column":36}},"type":"binary-expr","locations":[{"start":{"line":294,"column":6},"end":{"line":294,"column":22}},{"start":{"line":294,"column":26},"end":{"line":294,"column":36}}],"line":294},"47":{"loc":{"start":{"line":295,"column":6},"end":{"line":295,"column":22}},"type":"binary-expr","locations":[{"start":{"line":295,"column":6},"end":{"line":295,"column":15}},{"start":{"line":295,"column":19},"end":{"line":295,"column":22}}],"line":295},"48":{"loc":{"start":{"line":297,"column":6},"end":{"line":297,"column":24}},"type":"binary-expr","locations":[{"start":{"line":297,"column":6},"end":{"line":297,"column":16}},{"start":{"line":297,"column":20},"end":{"line":297,"column":24}}],"line":297},"49":{"loc":{"start":{"line":304,"column":20},"end":{"line":304,"column":64}},"type":"cond-expr","locations":[{"start":{"line":304,"column":36},"end":{"line":304,"column":60}},{"start":{"line":304,"column":63},"end":{"line":304,"column":64}}],"line":304},"50":{"loc":{"start":{"line":305,"column":20},"end":{"line":305,"column":64}},"type":"cond-expr","locations":[{"start":{"line":305,"column":36},"end":{"line":305,"column":60}},{"start":{"line":305,"column":63},"end":{"line":305,"column":64}}],"line":305},"51":{"loc":{"start":{"line":323,"column":2},"end":{"line":323,"column":26}},"type":"if","locations":[{"start":{"line":323,"column":2},"end":{"line":323,"column":26}},{"start":{},"end":{}}],"line":323},"52":{"loc":{"start":{"line":324,"column":2},"end":{"line":324,"column":26}},"type":"if","locations":[{"start":{"line":324,"column":2},"end":{"line":324,"column":26}},{"start":{},"end":{}}],"line":324},"53":{"loc":{"start":{"line":325,"column":2},"end":{"line":325,"column":26}},"type":"if","locations":[{"start":{"line":325,"column":2},"end":{"line":325,"column":26}},{"start":{},"end":{}}],"line":325},"54":{"loc":{"start":{"line":326,"column":2},"end":{"line":326,"column":26}},"type":"if","locations":[{"start":{"line":326,"column":2},"end":{"line":326,"column":26}},{"start":{},"end":{}}],"line":326},"55":{"loc":{"start":{"line":327,"column":2},"end":{"line":327,"column":26}},"type":"if","locations":[{"start":{"line":327,"column":2},"end":{"line":327,"column":26}},{"start":{},"end":{}}],"line":327},"56":{"loc":{"start":{"line":331,"column":2},"end":{"line":331,"column":25}},"type":"if","locations":[{"start":{"line":331,"column":2},"end":{"line":331,"column":25}},{"start":{},"end":{}}],"line":331},"57":{"loc":{"start":{"line":332,"column":2},"end":{"line":332,"column":25}},"type":"if","locations":[{"start":{"line":332,"column":2},"end":{"line":332,"column":25}},{"start":{},"end":{}}],"line":332},"58":{"loc":{"start":{"line":333,"column":2},"end":{"line":333,"column":25}},"type":"if","locations":[{"start":{"line":333,"column":2},"end":{"line":333,"column":25}},{"start":{},"end":{}}],"line":333},"59":{"loc":{"start":{"line":334,"column":2},"end":{"line":334,"column":26}},"type":"if","locations":[{"start":{"line":334,"column":2},"end":{"line":334,"column":26}},{"start":{},"end":{}}],"line":334},"60":{"loc":{"start":{"line":335,"column":2},"end":{"line":335,"column":26}},"type":"if","locations":[{"start":{"line":335,"column":2},"end":{"line":335,"column":26}},{"start":{},"end":{}}],"line":335},"61":{"loc":{"start":{"line":347,"column":2},"end":{"line":347,"column":96}},"type":"if","locations":[{"start":{"line":347,"column":2},"end":{"line":347,"column":96}},{"start":{},"end":{}}],"line":347},"62":{"loc":{"start":{"line":347,"column":6},"end":{"line":347,"column":29}},"type":"binary-expr","locations":[{"start":{"line":347,"column":6},"end":{"line":347,"column":15}},{"start":{"line":347,"column":19},"end":{"line":347,"column":29}}],"line":347},"63":{"loc":{"start":{"line":356,"column":2},"end":{"line":357,"column":79}},"type":"if","locations":[{"start":{"line":356,"column":2},"end":{"line":357,"column":79}},{"start":{},"end":{}}],"line":356},"64":{"loc":{"start":{"line":356,"column":6},"end":{"line":356,"column":22}},"type":"binary-expr","locations":[{"start":{"line":356,"column":6},"end":{"line":356,"column":10}},{"start":{"line":356,"column":14},"end":{"line":356,"column":22}}],"line":356},"65":{"loc":{"start":{"line":358,"column":2},"end":{"line":359,"column":80}},"type":"if","locations":[{"start":{"line":358,"column":2},"end":{"line":359,"column":80}},{"start":{},"end":{}}],"line":358},"66":{"loc":{"start":{"line":360,"column":2},"end":{"line":361,"column":80}},"type":"if","locations":[{"start":{"line":360,"column":2},"end":{"line":361,"column":80}},{"start":{},"end":{}}],"line":360},"67":{"loc":{"start":{"line":362,"column":2},"end":{"line":363,"column":75}},"type":"if","locations":[{"start":{"line":362,"column":2},"end":{"line":363,"column":75}},{"start":{},"end":{}}],"line":362},"68":{"loc":{"start":{"line":364,"column":2},"end":{"line":365,"column":80}},"type":"if","locations":[{"start":{"line":364,"column":2},"end":{"line":365,"column":80}},{"start":{},"end":{}}],"line":364},"69":{"loc":{"start":{"line":366,"column":2},"end":{"line":367,"column":76}},"type":"if","locations":[{"start":{"line":366,"column":2},"end":{"line":367,"column":76}},{"start":{},"end":{}}],"line":366},"70":{"loc":{"start":{"line":374,"column":2},"end":{"line":376,"column":3}},"type":"if","locations":[{"start":{"line":374,"column":2},"end":{"line":376,"column":3}},{"start":{},"end":{}}],"line":374},"71":{"loc":{"start":{"line":374,"column":6},"end":{"line":374,"column":44}},"type":"binary-expr","locations":[{"start":{"line":374,"column":6},"end":{"line":374,"column":18}},{"start":{"line":374,"column":22},"end":{"line":374,"column":44}}],"line":374},"72":{"loc":{"start":{"line":378,"column":2},"end":{"line":378,"column":79}},"type":"if","locations":[{"start":{"line":378,"column":2},"end":{"line":378,"column":79}},{"start":{},"end":{}}],"line":378},"73":{"loc":{"start":{"line":379,"column":2},"end":{"line":379,"column":80}},"type":"if","locations":[{"start":{"line":379,"column":2},"end":{"line":379,"column":80}},{"start":{},"end":{}}],"line":379},"74":{"loc":{"start":{"line":380,"column":2},"end":{"line":380,"column":80}},"type":"if","locations":[{"start":{"line":380,"column":2},"end":{"line":380,"column":80}},{"start":{},"end":{}}],"line":380}},"s":{"0":1,"1":3,"2":0,"3":3,"4":3,"5":3,"6":3,"7":3,"8":3,"9":3,"10":3,"11":3,"12":3,"13":3,"14":3,"15":3,"16":3,"17":3,"18":3,"19":3,"20":3,"21":3,"22":3,"23":3,"24":3,"25":2,"26":2,"27":0,"28":2,"29":2,"30":2,"31":1,"32":2,"33":1,"34":6,"35":6,"36":6,"37":6,"38":6,"39":0,"40":6,"41":6,"42":6,"43":6,"44":1,"45":6,"46":1,"47":1,"48":1,"49":10,"50":60,"51":1,"52":5,"53":5,"54":5,"55":5,"56":5,"57":50,"58":5,"59":5,"60":50,"61":50,"62":380,"63":380,"64":380,"65":920,"66":5,"67":1,"68":1,"69":1,"70":10,"71":1,"72":10,"73":10,"74":10,"75":1,"76":1,"77":10,"78":10,"79":10,"80":45,"81":3,"82":10,"83":0,"84":10,"85":10,"86":10,"87":10,"88":10,"89":100,"90":100,"91":10,"92":10,"93":100,"94":10,"95":90,"96":90,"97":90,"98":900,"99":900,"100":1,"101":1,"102":6,"103":1,"104":6,"105":1,"106":1,"107":1,"108":1,"109":1,"110":9,"111":1,"112":1,"113":0,"114":0,"115":1,"116":6,"117":1,"118":6,"119":1,"120":10,"121":1,"122":10,"123":1,"124":2,"125":2,"126":2,"127":20,"128":2,"129":1,"130":1,"131":1,"132":1,"133":1,"134":0,"135":1,"136":1,"137":1,"138":1,"139":1,"140":1,"141":1,"142":1,"143":1,"144":1,"145":1,"146":1,"147":1,"148":1,"149":1,"150":1,"151":1,"152":1,"153":1,"154":1,"155":1,"156":1,"157":0,"158":0,"159":0,"160":0,"161":0,"162":0,"163":0,"164":0,"165":0,"166":0,"167":0,"168":0,"169":0,"170":0,"171":0,"172":0,"173":0,"174":0,"175":0,"176":0,"177":0,"178":0,"179":1,"180":0,"181":0,"182":0,"183":0,"184":0,"185":0,"186":0,"187":0,"188":0,"189":0,"190":0,"191":0,"192":0,"193":0,"194":0,"195":0,"196":0,"197":0,"198":0,"199":0,"200":0,"201":0,"202":0,"203":0,"204":0,"205":0,"206":0,"207":0},"f":{"0":3,"1":3,"2":2,"3":1,"4":6,"5":6,"6":6,"7":1,"8":10,"9":60,"10":5,"11":50,"12":1,"13":10,"14":10,"15":6,"16":6,"17":6,"18":6,"19":10,"20":10,"21":2,"22":1,"23":1,"24":0,"25":0,"26":0,"27":0,"28":0},"b":{"0":[0,3],"1":[3,3,3],"2":[0],"3":[0],"4":[1],"5":[1],"6":[1],"7":[1],"8":[1],"9":[3,0],"10":[3,0],"11":[3,0],"12":[3,0],"13":[0],"14":[0],"15":[2],"16":[0,2],"17":[2,2,2],"18":[1,1,1,1,1],"19":[1,1],"20":[2,1,1],"21":[6],"22":[6],"23":[6],"24":[6],"25":[6],"26":[6,0],"27":[6,0],"28":[0,6],"29":[6,6,6],"30":[6,0],"31":[6,6],"32":[6,0],"33":[3,42],"34":[0,10],"35":[10,90],"36":[0,1],"37":[0],"38":[0],"39":[0],"40":[0],"41":[0],"42":[1,0],"43":[0,1],"44":[1,1,1],"45":[1,0],"46":[1,0],"47":[1,0],"48":[1,1],"49":[1,0],"50":[1,0],"51":[0,0],"52":[0,0],"53":[0,0],"54":[0,0],"55":[0,0],"56":[0,0],"57":[0,0],"58":[0,0],"59":[0,0],"60":[0,0],"61":[0,0],"62":[0,0],"63":[0,0],"64":[0,0],"65":[0,0],"66":[0,0],"67":[0,0],"68":[0,0],"69":[0,0],"70":[0,0],"71":[0,0],"72":[0,0],"73":[0,0],"74":[0,0]},"_coverageSchema":"1a1c01bbd47fc00a2c39e90264f33305004495a9","hash":"910358e5a88122a4fb25b02b623920b99e511dda"}
}
