TN:
SF:src\store\healthstore.js
FN:13,computeChecksum
FN:22,withRetry
FN:31,(anonymous_2)
FN:36,setItemWithChecksum
FN:42,getItemWithChecksum
FN:57,removeItemWithChecksum
FN:62,(anonymous_6)
FN:91,(anonymous_7)
FN:96,(anonymous_8)
FN:102,(anonymous_9)
FN:109,(anonymous_10)
FN:126,(anonymous_11)
FN:132,(anonymous_12)
FN:135,(anonymous_13)
FN:145,(anonymous_14)
FN:161,(anonymous_15)
FN:181,(anonymous_16)
FN:182,(anonymous_17)
FN:184,(anonymous_18)
FN:185,(anonymous_19)
FN:194,(anonymous_20)
FN:199,(anonymous_21)
FNF:22
FNH:3
FNDA:0,computeChecksum
FNDA:0,withRetry
FNDA:0,(anonymous_2)
FNDA:0,setItemWithChecksum
FNDA:0,getItemWithChecksum
FNDA:0,removeItemWithChecksum
FNDA:1,(anonymous_6)
FNDA:0,(anonymous_7)
FNDA:0,(anonymous_8)
FNDA:0,(anonymous_9)
FNDA:0,(anonymous_10)
FNDA:0,(anonymous_11)
FNDA:0,(anonymous_12)
FNDA:0,(anonymous_13)
FNDA:0,(anonymous_14)
FNDA:0,(anonymous_15)
FNDA:1,(anonymous_16)
FNDA:1,(anonymous_17)
FNDA:0,(anonymous_18)
FNDA:0,(anonymous_19)
FNDA:0,(anonymous_20)
FNDA:0,(anonymous_21)
DA:4,1
DA:5,1
DA:6,1
DA:7,1
DA:10,1
DA:14,0
DA:15,0
DA:16,0
DA:17,0
DA:19,0
DA:23,0
DA:24,0
DA:25,0
DA:26,0
DA:28,0
DA:29,0
DA:31,0
DA:37,0
DA:38,0
DA:39,0
DA:43,0
DA:47,0
DA:48,0
DA:49,0
DA:50,0
DA:51,0
DA:54,0
DA:58,0
DA:59,0
DA:62,1
DA:92,0
DA:93,0
DA:97,0
DA:98,0
DA:103,0
DA:104,0
DA:105,0
DA:110,0
DA:111,0
DA:120,0
DA:121,0
DA:122,0
DA:123,0
DA:127,0
DA:128,0
DA:133,0
DA:134,0
DA:135,0
DA:136,0
DA:137,0
DA:139,0
DA:146,0
DA:151,0
DA:152,0
DA:153,0
DA:154,0
DA:156,0
DA:162,0
DA:163,0
DA:170,0
DA:171,0
DA:172,0
DA:173,0
DA:174,0
DA:175,0
DA:177,0
DA:182,1
DA:185,0
DA:186,0
DA:187,0
DA:188,0
DA:190,0
DA:195,0
DA:196,0
DA:200,0
DA:209,0
LF:76
LH:7
BRDA:29,0,0,0
BRDA:29,0,1,0
BRDA:47,1,0,0
BRDA:47,1,1,0
BRDA:47,2,0,0
BRDA:47,2,1,0
BRDA:49,3,0,0
BRDA:49,3,1,0
BRDA:110,4,0,0
BRDA:110,4,1,0
BRDA:114,5,0,0
BRDA:114,5,1,0
BRDA:115,6,0,0
BRDA:115,6,1,0
BRDA:116,7,0,0
BRDA:116,7,1,0
BRDA:171,8,0,0
BRDA:171,8,1,0
BRDA:172,9,0,0
BRDA:172,9,1,0
BRDA:173,10,0,0
BRDA:173,10,1,0
BRDA:174,11,0,0
BRDA:174,11,1,0
BRF:24
BRH:0
end_of_record
TN:
SF:src\utils\bpEstimator.js
FN:51,calculateBMI
FN:57,estimateBP
FN:124,estimateBPCalibrated
FN:137,(anonymous_3)
FN:148,(anonymous_4)
FN:152,calculateBMI
FN:173,(anonymous_6)
FN:177,(anonymous_7)
FN:177,(anonymous_8)
FN:177,(anonymous_9)
FN:178,(anonymous_10)
FN:181,(anonymous_11)
FN:192,(anonymous_12)
FN:195,(anonymous_13)
FN:196,(anonymous_14)
FN:229,(anonymous_15)
FN:230,(anonymous_16)
FN:244,(anonymous_17)
FN:245,(anonymous_18)
FN:246,(anonymous_19)
FN:247,(anonymous_20)
FN:250,(anonymous_21)
FN:261,calculateBMI
FN:290,(anonymous_23)
FN:322,getCategorySys
FN:330,getCategoryDia
FN:346,classifyBP
FN:355,classifyBPM
FN:373,analyzeHRV
FNF:29
FNH:24
FNDA:3,calculateBMI
FNDA:3,estimateBP
FNDA:2,estimateBPCalibrated
FNDA:1,(anonymous_3)
FNDA:6,(anonymous_4)
FNDA:6,calculateBMI
FNDA:6,(anonymous_6)
FNDA:1,(anonymous_7)
FNDA:10,(anonymous_8)
FNDA:60,(anonymous_9)
FNDA:5,(anonymous_10)
FNDA:50,(anonymous_11)
FNDA:1,(anonymous_12)
FNDA:10,(anonymous_13)
FNDA:10,(anonymous_14)
FNDA:6,(anonymous_15)
FNDA:6,(anonymous_16)
FNDA:6,(anonymous_17)
FNDA:6,(anonymous_18)
FNDA:10,(anonymous_19)
FNDA:10,(anonymous_20)
FNDA:2,(anonymous_21)
FNDA:1,calculateBMI
FNDA:1,(anonymous_23)
FNDA:0,getCategorySys
FNDA:0,getCategoryDia
FNDA:0,classifyBP
FNDA:0,classifyBPM
FNDA:0,analyzeHRV
DA:19,1
DA:52,3
DA:53,3
DA:61,3
DA:64,3
DA:65,3
DA:66,3
DA:67,3
DA:68,3
DA:69,3
DA:70,3
DA:73,3
DA:74,3
DA:75,3
DA:76,3
DA:77,3
DA:78,3
DA:81,3
DA:83,3
DA:98,3
DA:113,3
DA:125,2
DA:127,2
DA:128,0
DA:133,2
DA:134,2
DA:137,2
DA:138,1
DA:146,2
DA:148,1
DA:149,6
DA:150,6
DA:151,6
DA:152,6
DA:153,6
DA:154,6
DA:156,6
DA:157,6
DA:159,6
DA:173,6
DA:174,1
DA:177,60
DA:178,1
DA:179,5
DA:180,5
DA:181,50
DA:182,5
DA:183,50
DA:184,380
DA:185,380
DA:186,920
DA:190,5
DA:192,1
DA:194,1
DA:195,10
DA:196,1
DA:197,10
DA:198,10
DA:199,10
DA:201,1
DA:203,10
DA:204,45
DA:205,10
DA:207,10
DA:208,10
DA:210,10
DA:211,10
DA:212,100
DA:213,100
DA:216,10
DA:217,100
DA:218,90
DA:219,90
DA:220,900
DA:221,900
DA:225,1
DA:229,6
DA:230,6
DA:233,1
DA:234,1
DA:235,1
DA:237,9
DA:238,1
DA:239,1
DA:241,0
DA:242,0
DA:244,6
DA:245,6
DA:246,10
DA:247,10
DA:250,1
DA:252,2
DA:253,20
DA:254,2
DA:258,1
DA:259,1
DA:260,1
DA:261,1
DA:262,1
DA:263,1
DA:265,1
DA:266,1
DA:268,1
DA:269,1
DA:272,1
DA:273,1
DA:275,1
DA:288,1
DA:290,1
DA:292,1
DA:293,1
DA:299,1
DA:300,1
DA:301,1
DA:304,1
DA:305,1
DA:308,1
DA:309,1
DA:311,1
DA:323,0
DA:324,0
DA:325,0
DA:326,0
DA:327,0
DA:328,0
DA:331,0
DA:332,0
DA:333,0
DA:334,0
DA:335,0
DA:336,0
DA:338,1
DA:347,0
DA:348,0
DA:349,0
DA:350,0
DA:351,0
DA:356,0
DA:357,0
DA:358,0
DA:359,0
DA:360,0
DA:361,0
DA:362,0
DA:363,0
DA:364,0
DA:365,0
DA:366,0
DA:367,0
DA:368,0
DA:374,0
DA:375,0
DA:378,0
DA:379,0
DA:380,0
DA:381,0
LF:156
LH:117
BRDA:52,0,0,0
BRDA:52,0,1,3
BRDA:52,1,0,3
BRDA:52,1,1,3
BRDA:52,1,2,3
BRDA:57,2,0,0
BRDA:57,3,0,0
BRDA:59,4,0,1
BRDA:59,5,0,1
BRDA:59,6,0,1
BRDA:60,7,0,1
BRDA:60,8,0,1
BRDA:74,9,0,3
BRDA:74,9,1,0
BRDA:75,10,0,3
BRDA:75,10,1,0
BRDA:76,11,0,3
BRDA:76,11,1,0
BRDA:78,12,0,3
BRDA:78,12,1,0
BRDA:124,13,0,0
BRDA:124,14,0,0
BRDA:124,15,0,2
BRDA:127,16,0,0
BRDA:127,16,1,2
BRDA:127,17,0,2
BRDA:127,17,1,2
BRDA:127,17,2,2
BRDA:138,18,0,1
BRDA:138,18,1,1
BRDA:138,18,2,1
BRDA:138,18,3,1
BRDA:138,18,4,1
BRDA:146,19,0,1
BRDA:146,19,1,1
BRDA:146,20,0,2
BRDA:146,20,1,1
BRDA:146,20,2,1
BRDA:149,21,0,6
BRDA:149,22,0,6
BRDA:149,23,0,6
BRDA:149,24,0,6
BRDA:149,25,0,6
BRDA:149,26,0,6
BRDA:149,26,1,0
BRDA:151,27,0,6
BRDA:151,27,1,0
BRDA:153,28,0,0
BRDA:153,28,1,6
BRDA:153,29,0,6
BRDA:153,29,1,6
BRDA:153,29,2,6
BRDA:156,30,0,6
BRDA:156,30,1,0
BRDA:157,31,0,6
BRDA:157,31,1,6
BRDA:160,32,0,6
BRDA:160,32,1,0
BRDA:204,33,0,3
BRDA:204,33,1,42
BRDA:205,34,0,0
BRDA:205,34,1,10
BRDA:217,35,0,10
BRDA:217,35,1,90
BRDA:239,36,0,0
BRDA:239,36,1,1
BRDA:258,37,0,0
BRDA:258,38,0,0
BRDA:258,39,0,0
BRDA:258,40,0,0
BRDA:258,41,0,0
BRDA:260,42,0,1
BRDA:260,42,1,0
BRDA:262,43,0,0
BRDA:262,43,1,1
BRDA:262,44,0,1
BRDA:262,44,1,1
BRDA:262,44,2,1
BRDA:265,45,0,1
BRDA:265,45,1,0
BRDA:294,46,0,1
BRDA:294,46,1,0
BRDA:295,47,0,1
BRDA:295,47,1,0
BRDA:297,48,0,1
BRDA:297,48,1,1
BRDA:304,49,0,1
BRDA:304,49,1,0
BRDA:305,50,0,1
BRDA:305,50,1,0
BRDA:323,51,0,0
BRDA:323,51,1,0
BRDA:324,52,0,0
BRDA:324,52,1,0
BRDA:325,53,0,0
BRDA:325,53,1,0
BRDA:326,54,0,0
BRDA:326,54,1,0
BRDA:327,55,0,0
BRDA:327,55,1,0
BRDA:331,56,0,0
BRDA:331,56,1,0
BRDA:332,57,0,0
BRDA:332,57,1,0
BRDA:333,58,0,0
BRDA:333,58,1,0
BRDA:334,59,0,0
BRDA:334,59,1,0
BRDA:335,60,0,0
BRDA:335,60,1,0
BRDA:347,61,0,0
BRDA:347,61,1,0
BRDA:347,62,0,0
BRDA:347,62,1,0
BRDA:356,63,0,0
BRDA:356,63,1,0
BRDA:356,64,0,0
BRDA:356,64,1,0
BRDA:358,65,0,0
BRDA:358,65,1,0
BRDA:360,66,0,0
BRDA:360,66,1,0
BRDA:362,67,0,0
BRDA:362,67,1,0
BRDA:364,68,0,0
BRDA:364,68,1,0
BRDA:366,69,0,0
BRDA:366,69,1,0
BRDA:374,70,0,0
BRDA:374,70,1,0
BRDA:374,71,0,0
BRDA:374,71,1,0
BRDA:378,72,0,0
BRDA:378,72,1,0
BRDA:379,73,0,0
BRDA:379,73,1,0
BRDA:380,74,0,0
BRDA:380,74,1,0
BRF:138
BRH:61
end_of_record
